Error, "tests/check11/check11.rc", line 9: 
  Value of type int* not assignable to variable of type INTFIVE.
Error, "tests/check11/check11.rc", line 11: 
  Return expression is not a modifiable L-value for function that returns by reference.
Error, "tests/check11/check11.rc", line 25: 
  Left-hand operand is not assignable (not a modifiable L-value).
Error, "tests/check11/check11.rc", line 27: 
  Left-hand operand is not assignable (not a modifiable L-value).
Error, "tests/check11/check11.rc", line 32: 
  Type of expression referenced by array subscript (int) is not of array or pointer type.
Error, "tests/check11/check11.rc", line 34: 
  Type of expression referenced by array subscript (bool) is not of array or pointer type.
Error, "tests/check11/check11.rc", line 36: 
  Type of expression referenced by array subscript (float) is not of array or pointer type.
Error, "tests/check11/check11.rc", line 40: 
  Index value of -1 is outside legal range [0,5).
Error, "tests/check11/check11.rc", line 41: 
  Index value of 5 is outside legal range [0,5).
Error, "tests/check11/check11.rc", line 44: 
  Index value of 6 is outside legal range [0,5).
Error, "tests/check11/check11.rc", line 47: 
  Type of index expression in array reference (bool) not equivalent to int.
Error, "tests/check11/check11.rc", line 48: 
  Type of index expression in array reference (float) not equivalent to int.
Error, "tests/check11/check11.rc", line 53: 
  Type of index expression in array reference (FLOAT) not equivalent to int.
Error, "tests/check11/check11.rc", line 56: 
  Type of index expression in array reference (float) not equivalent to int.
Error, "tests/check11/check11.rc", line 58: 
  Value of type bool not assignable to variable of type int.
Error, "tests/check11/check11.rc", line 61: 
  Value of type float not assignable to variable of type int.
Error, "tests/check11/check11.rc", line 62: 
  Value of type bool not assignable to variable of type int.
Error, "tests/check11/check11.rc", line 63: 
  Index value of 5 is outside legal range [0,5).
Error, "tests/check11/check11.rc", line 64: 
  Value of type INTFIVE not assignable to variable of type int.
Error, "tests/check11/check11.rc", line 65: 
  Index value of -2 is outside legal range [0,5).
Error, "tests/check11/check11.rc", line 70: 
  Value of type float not assignable to variable of type int.
Error, "tests/check11/check11.rc", line 72: 
  Index value of -1 is outside legal range [0,5).
Error, "tests/check11/check11.rc", line 73: 
  Index value of -1 is outside legal range [0,5).
Error, "tests/check11/check11.rc", line 79: 
  Initialization value of constant named constflo not known at compile time.
Error, "tests/check11/check11.rc", line 80: 
  Value of type FLOATFIVE not assignable to variable of type INTFIVE.
Error, "tests/check11/check11.rc", line 84: 
  Value of type int[4] not assignable to variable of type INTFIVE.
Error, "tests/check11/check11.rc", line 101: 
  Type of index expression in array reference (float) not equivalent to int.
Compile: failure.
