Error, "tests/check18/funcptr.rc", line 36: 
  redeclared identifier 'jj'.
Error, "tests/check18/funcptr.rc", line 49: 
  Argument of type funcptr : void (funcptr : void () far) not assignable to value parameter far, of type funcptr : void ().
Error, "tests/check18/funcptr.rc", line 52: 
  Argument of type funcptr : int () not assignable to value parameter far, of type funcptr : void ().
Error, "tests/check18/funcptr.rc", line 55: 
  Argument of type funcptr : float () not assignable to value parameter og, of type ORG.
Error, "tests/check18/funcptr.rc", line 58: 
  Argument of type funcptr : int & () not assignable to value parameter og, of type ORG.
Error, "tests/check18/funcptr.rc", line 60: 
  Number of arguments (1) differs from number of parameters (3).
Error, "tests/check18/funcptr.rc", line 65: 
  Argument of type funcptr : int & (bool &b) not assignable to value parameter jj, of type funcptr : int & (bool* &b, float** f, int ga).
Error, "tests/check18/funcptr.rc", line 66: 
  Argument of type funcptr : int & (bool &b, float** f, int ga) not assignable to value parameter jj, of type funcptr : int & (bool* &b, float** f, int ga).
Error, "tests/check18/funcptr.rc", line 67: 
  Argument of type funcptr : int & (bool* &b, float** f, int &ga) not assignable to value parameter jj, of type funcptr : int & (bool* &b, float** f, int ga).
Error, "tests/check18/funcptr.rc", line 69: 
  Argument of type int not assignable to value parameter a1, of type funcptr : void (ORG og).
Error, "tests/check18/funcptr.rc", line 71: 
  Argument of type funcptr : void (ORG &og) not assignable to value parameter a1, of type funcptr : void (ORG og).
Error, "tests/check18/funcptr.rc", line 74: 
  Argument passed to reference parameter jum (type funcptr : void ()) is not a modifiable L-value.
Error, "tests/check18/funcptr.rc", line 77: 
  Incompatible type funcptr : void () to operator ++, equivalent to int, float, or pointer expected.
Error, "tests/check18/funcptr.rc", line 78: 
  Incompatible type funcptr : void () to operator --, equivalent to int, float, or pointer expected.
Error, "tests/check18/funcptr.rc", line 79: 
  Incompatible type funcptr : int () to operator ++, equivalent to int, float, or pointer expected.
Error, "tests/check18/funcptr.rc", line 80: 
  Incompatible type funcptr : int () to operator --, equivalent to int, float, or pointer expected.
Error, "tests/check18/funcptr.rc", line 81: 
  Incompatible type funcptr : void () to operator --, equivalent to int, float, or pointer expected.
Error, "tests/check18/funcptr.rc", line 82: 
  Incompatible type funcptr : int () to operator ++, equivalent to int, float, or pointer expected.
Compile: failure.
