Error, "tests/check19/sizeof.rc", line 63: 
  Invalid operand to sizeof. Not a type or not addressable.
Error, "tests/check19/sizeof.rc", line 64: 
  Invalid operand to sizeof. Not a type or not addressable.
Error, "tests/check19/sizeof.rc", line 65: 
  Invalid operand to sizeof. Not a type or not addressable.
Error, "tests/check19/sizeof.rc", line 67: 
  Index value of 4 is outside legal range [0,1).
Error, "tests/check19/sizeof.rc", line 68: 
  Index value of 4 is outside legal range [0,1).
Error, "tests/check19/sizeof.rc", line 69: 
  Index value of 4 is outside legal range [0,1).
Error, "tests/check19/sizeof.rc", line 70: 
  Index value of 4 is outside legal range [0,1).
Error, "tests/check19/sizeof.rc", line 71: 
  Index value of 4 is outside legal range [0,1).
Error, "tests/check19/sizeof.rc", line 72: 
  Index value of 4 is outside legal range [0,1).
Error, "tests/check19/sizeof.rc", line 73: 
  Index value of 4 is outside legal range [0,1).
Error, "tests/check19/sizeof.rc", line 74: 
  Index value of 4 is outside legal range [0,1).
Error, "tests/check19/sizeof.rc", line 75: 
  Index value of 4 is outside legal range [0,1).
Error, "tests/check19/sizeof.rc", line 77: 
  Index value of 4 is outside legal range [0,1).
Error, "tests/check19/sizeof.rc", line 78: 
  Index value of 4 is outside legal range [0,1).
Error, "tests/check19/sizeof.rc", line 79: 
  Index value of 4 is outside legal range [0,1).
Error, "tests/check19/sizeof.rc", line 81: 
  Index value of 4 is outside legal range [0,1).
Error, "tests/check19/sizeof.rc", line 82: 
  Index value of 4 is outside legal range [0,1).
Error, "tests/check19/sizeof.rc", line 83: 
  Index value of 4 is outside legal range [0,1).
Error, "tests/check19/sizeof.rc", line 84: 
  Index value of 4 is outside legal range [0,1).
Error, "tests/check19/sizeof.rc", line 85: 
  Index value of 4 is outside legal range [0,1).
Error, "tests/check19/sizeof.rc", line 86: 
  Index value of 4 is outside legal range [0,1).
Error, "tests/check19/sizeof.rc", line 88: 
  Index value of 20 is outside legal range [0,1).
Error, "tests/check19/sizeof.rc", line 89: 
  Index value of 40 is outside legal range [0,1).
Error, "tests/check19/sizeof.rc", line 90: 
  Index value of 4 is outside legal range [0,1).
Error, "tests/check19/sizeof.rc", line 92: 
  Index value of 12 is outside legal range [0,1).
Error, "tests/check19/sizeof.rc", line 93: 
  Index value of 12 is outside legal range [0,1).
Error, "tests/check19/sizeof.rc", line 94: 
  Index value of 144 is outside legal range [0,1).
Error, "tests/check19/sizeof.rc", line 97: 
  Index value of 4 is outside legal range [0,1).
Error, "tests/check19/sizeof.rc", line 98: 
  Index value of 4 is outside legal range [0,1).
Error, "tests/check19/sizeof.rc", line 99: 
  Index value of 4 is outside legal range [0,1).
Error, "tests/check19/sizeof.rc", line 101: 
  Invalid operand to sizeof. Not a type or not addressable.
Error, "tests/check19/sizeof.rc", line 102: 
  Invalid operand to sizeof. Not a type or not addressable.
Error, "tests/check19/sizeof.rc", line 105: 
  Index value of 4 is outside legal range [0,1).
Error, "tests/check19/sizeof.rc", line 106: 
  Index value of 4 is outside legal range [0,1).
Error, "tests/check19/sizeof.rc", line 107: 
  Index value of 4 is outside legal range [0,1).
Error, "tests/check19/sizeof.rc", line 109: 
  Invalid operand to sizeof. Not a type or not addressable.
Error, "tests/check19/sizeof.rc", line 110: 
  Invalid operand to sizeof. Not a type or not addressable.
Error, "tests/check19/sizeof.rc", line 114: 
  Index value of 120 is outside legal range [0,1).
Error, "tests/check19/sizeof.rc", line 115: 
  Index value of 20 is outside legal range [0,1).
Error, "tests/check19/sizeof.rc", line 116: 
  Index value of 4 is outside legal range [0,1).
Error, "tests/check19/sizeof.rc", line 118: 
  Index value of 4 is outside legal range [0,1).
Error, "tests/check19/sizeof.rc", line 119: 
  Index value of 4 is outside legal range [0,1).
Error, "tests/check19/sizeof.rc", line 120: 
  Index value of 4 is outside legal range [0,1).
Error, "tests/check19/sizeof.rc", line 124: 
  Index value of 4 is outside legal range [0,1).
Error, "tests/check19/sizeof.rc", line 125: 
  Index value of 4 is outside legal range [0,1).
Error, "tests/check19/sizeof.rc", line 126: 
  Index value of 4 is outside legal range [0,1).
Error, "tests/check19/sizeof.rc", line 128: 
  Invalid operand to sizeof. Not a type or not addressable.
Error, "tests/check19/sizeof.rc", line 129: 
  Invalid operand to sizeof. Not a type or not addressable.
Error, "tests/check19/sizeof.rc", line 132: 
  Index value of 4 is outside legal range [0,1).
Error, "tests/check19/sizeof.rc", line 133: 
  Index value of 4 is outside legal range [0,1).
Error, "tests/check19/sizeof.rc", line 134: 
  Index value of 4 is outside legal range [0,1).
Error, "tests/check19/sizeof.rc", line 136: 
  Invalid operand to sizeof. Not a type or not addressable.
Error, "tests/check19/sizeof.rc", line 137: 
  Invalid operand to sizeof. Not a type or not addressable.
Error, "tests/check19/sizeof.rc", line 141: 
  Index value of 120 is outside legal range [0,1).
Error, "tests/check19/sizeof.rc", line 142: 
  Index value of 20 is outside legal range [0,1).
Error, "tests/check19/sizeof.rc", line 143: 
  Index value of 4 is outside legal range [0,1).
Error, "tests/check19/sizeof.rc", line 146: 
  Index value of 12 is outside legal range [0,1).
Error, "tests/check19/sizeof.rc", line 147: 
  Index value of 12 is outside legal range [0,1).
Error, "tests/check19/sizeof.rc", line 148: 
  Index value of 144 is outside legal range [0,1).
Error, "tests/check19/sizeof.rc", line 149: 
  Index value of 4 is outside legal range [0,1).
Error, "tests/check19/sizeof.rc", line 150: 
  Index value of 40 is outside legal range [0,1).
Error, "tests/check19/sizeof.rc", line 151: 
  Referenced field s6 not found in type S4.
Error, "tests/check19/sizeof.rc", line 154: 
  Index value of 4 is outside legal range [0,1).
Error, "tests/check19/sizeof.rc", line 155: 
  Index value of 4 is outside legal range [0,1).
Error, "tests/check19/sizeof.rc", line 156: 
  Index value of 4 is outside legal range [0,1).
Error, "tests/check19/sizeof.rc", line 157: 
  Invalid operand to sizeof. Not a type or not addressable.
Error, "tests/check19/sizeof.rc", line 158: 
  Index value of 4 is outside legal range [0,1).
Error, "tests/check19/sizeof.rc", line 159: 
  Index value of 4 is outside legal range [0,1).
Error, "tests/check19/sizeof.rc", line 160: 
  Index value of 4 is outside legal range [0,1).
Error, "tests/check19/sizeof.rc", line 162: 
  Invalid operand to sizeof. Not a type or not addressable.
Error, "tests/check19/sizeof.rc", line 163: 
  Invalid operand to sizeof. Not a type or not addressable.
Compile: failure.
