Error, "tests/check03/bitwise.rc": 
  Value of type int not assignable to variable of type bool.
Error, "tests/check03/bitwise.rc": 
  Incompatible type float to binary operator |, equivalent to int expected.
Error, "tests/check03/bitwise.rc": 
  Incompatible type float to binary operator |, equivalent to int expected.
Error, "tests/check03/bitwise.rc": 
  Incompatible type float to binary operator |, equivalent to int expected.
Error, "tests/check03/bitwise.rc": 
  Incompatible type float to binary operator |, equivalent to int expected.
Error, "tests/check03/bitwise.rc": 
  Incompatible type float to binary operator |, equivalent to int expected.
Error, "tests/check03/bitwise.rc": 
  Incompatible type float to binary operator |, equivalent to int expected.
Error, "tests/check03/bitwise.rc": 
  Incompatible type float to binary operator |, equivalent to int expected.
Error, "tests/check03/bitwise.rc": 
  Incompatible type float to binary operator |, equivalent to int expected.
Error, "tests/check03/bitwise.rc": 
  Incompatible type float to binary operator |, equivalent to int expected.
Error, "tests/check03/bitwise.rc": 
  Incompatible type float to binary operator |, equivalent to int expected.
Error, "tests/check03/bitwise.rc": 
  Incompatible type float to binary operator |, equivalent to int expected.
Error, "tests/check03/bitwise.rc": 
  Incompatible type float to binary operator |, equivalent to int expected.
Error, "tests/check03/bitwise.rc": 
  Incompatible type bool to binary operator |, equivalent to int expected.
Error, "tests/check03/bitwise.rc": 
  Incompatible type bool to binary operator |, equivalent to int expected.
Error, "tests/check03/bitwise.rc": 
  Incompatible type bool to binary operator |, equivalent to int expected.
Error, "tests/check03/bitwise.rc": 
  Incompatible type float to binary operator |, equivalent to int expected.
Error, "tests/check03/bitwise.rc": 
  Incompatible type bool to binary operator |, equivalent to int expected.
Error, "tests/check03/bitwise.rc": 
  Incompatible type bool to binary operator |, equivalent to int expected.
Error, "tests/check03/bitwise.rc": 
  Incompatible type bool to binary operator |, equivalent to int expected.
Error, "tests/check03/bitwise.rc": 
  Incompatible type bool to binary operator |, equivalent to int expected.
Error, "tests/check03/bitwise.rc": 
  Value of type int not assignable to variable of type bool.
Error, "tests/check03/bitwise.rc": 
  Incompatible type float to binary operator &, equivalent to int expected.
Error, "tests/check03/bitwise.rc": 
  Incompatible type float to binary operator &, equivalent to int expected.
Error, "tests/check03/bitwise.rc": 
  Incompatible type float to binary operator &, equivalent to int expected.
Error, "tests/check03/bitwise.rc": 
  Incompatible type float to binary operator &, equivalent to int expected.
Error, "tests/check03/bitwise.rc": 
  Incompatible type float to binary operator &, equivalent to int expected.
Error, "tests/check03/bitwise.rc": 
  Incompatible type float to binary operator &, equivalent to int expected.
Error, "tests/check03/bitwise.rc": 
  Incompatible type float to binary operator &, equivalent to int expected.
Error, "tests/check03/bitwise.rc": 
  Incompatible type float to binary operator &, equivalent to int expected.
Error, "tests/check03/bitwise.rc": 
  Incompatible type float to binary operator &, equivalent to int expected.
Error, "tests/check03/bitwise.rc": 
  Incompatible type float to binary operator &, equivalent to int expected.
Error, "tests/check03/bitwise.rc": 
  Incompatible type float to binary operator &, equivalent to int expected.
Error, "tests/check03/bitwise.rc": 
  Incompatible type float to binary operator &, equivalent to int expected.
Error, "tests/check03/bitwise.rc": 
  Incompatible type bool to binary operator &, equivalent to int expected.
Error, "tests/check03/bitwise.rc": 
  Incompatible type bool to binary operator &, equivalent to int expected.
Error, "tests/check03/bitwise.rc": 
  Incompatible type bool to binary operator &, equivalent to int expected.
Error, "tests/check03/bitwise.rc": 
  Incompatible type float to binary operator &, equivalent to int expected.
Error, "tests/check03/bitwise.rc": 
  Incompatible type bool to binary operator &, equivalent to int expected.
Error, "tests/check03/bitwise.rc": 
  Incompatible type bool to binary operator &, equivalent to int expected.
Error, "tests/check03/bitwise.rc": 
  Incompatible type bool to binary operator &, equivalent to int expected.
Error, "tests/check03/bitwise.rc": 
  Incompatible type bool to binary operator &, equivalent to int expected.
Error, "tests/check03/bitwise.rc": 
  Value of type int not assignable to variable of type bool.
Error, "tests/check03/bitwise.rc": 
  Incompatible type float to binary operator ^, equivalent to int expected.
Error, "tests/check03/bitwise.rc": 
  Incompatible type float to binary operator ^, equivalent to int expected.
Error, "tests/check03/bitwise.rc": 
  Incompatible type float to binary operator ^, equivalent to int expected.
Error, "tests/check03/bitwise.rc": 
  Incompatible type float to binary operator ^, equivalent to int expected.
Error, "tests/check03/bitwise.rc": 
  Incompatible type float to binary operator ^, equivalent to int expected.
Error, "tests/check03/bitwise.rc": 
  Incompatible type float to binary operator ^, equivalent to int expected.
Error, "tests/check03/bitwise.rc": 
  Incompatible type float to binary operator ^, equivalent to int expected.
Error, "tests/check03/bitwise.rc": 
  Incompatible type float to binary operator ^, equivalent to int expected.
Error, "tests/check03/bitwise.rc": 
  Incompatible type float to binary operator ^, equivalent to int expected.
Error, "tests/check03/bitwise.rc": 
  Incompatible type float to binary operator ^, equivalent to int expected.
Error, "tests/check03/bitwise.rc": 
  Incompatible type float to binary operator ^, equivalent to int expected.
Error, "tests/check03/bitwise.rc": 
  Incompatible type float to binary operator ^, equivalent to int expected.
Error, "tests/check03/bitwise.rc": 
  Incompatible type bool to binary operator ^, equivalent to int expected.
Error, "tests/check03/bitwise.rc": 
  Incompatible type bool to binary operator ^, equivalent to int expected.
Error, "tests/check03/bitwise.rc": 
  Incompatible type bool to binary operator ^, equivalent to int expected.
Error, "tests/check03/bitwise.rc": 
  Incompatible type float to binary operator ^, equivalent to int expected.
Error, "tests/check03/bitwise.rc": 
  Incompatible type bool to binary operator ^, equivalent to int expected.
Error, "tests/check03/bitwise.rc": 
  Incompatible type bool to binary operator ^, equivalent to int expected.
Error, "tests/check03/bitwise.rc": 
  Incompatible type bool to binary operator ^, equivalent to int expected.
Error, "tests/check03/bitwise.rc": 
  Incompatible type bool to binary operator ^, equivalent to int expected.
Compile: failure.
