Error, "tests/check03/boolean.rc": 
  Incompatible type int to binary operator ||, equivalent to bool expected.
Error, "tests/check03/boolean.rc": 
  Incompatible type int to binary operator ||, equivalent to bool expected.
Error, "tests/check03/boolean.rc": 
  Incompatible type int to binary operator ||, equivalent to bool expected.
Error, "tests/check03/boolean.rc": 
  Incompatible type int to binary operator ||, equivalent to bool expected.
Error, "tests/check03/boolean.rc": 
  Incompatible type int to binary operator ||, equivalent to bool expected.
Error, "tests/check03/boolean.rc": 
  Incompatible type int to binary operator ||, equivalent to bool expected.
Error, "tests/check03/boolean.rc": 
  Incompatible type int to binary operator ||, equivalent to bool expected.
Error, "tests/check03/boolean.rc": 
  Incompatible type int to binary operator ||, equivalent to bool expected.
Error, "tests/check03/boolean.rc": 
  Incompatible type float to binary operator ||, equivalent to bool expected.
Error, "tests/check03/boolean.rc": 
  Incompatible type int to binary operator ||, equivalent to bool expected.
Error, "tests/check03/boolean.rc": 
  Incompatible type int to binary operator ||, equivalent to bool expected.
Error, "tests/check03/boolean.rc": 
  Incompatible type float to binary operator ||, equivalent to bool expected.
Error, "tests/check03/boolean.rc": 
  Incompatible type float to binary operator ||, equivalent to bool expected.
Error, "tests/check03/boolean.rc": 
  Incompatible type float to binary operator ||, equivalent to bool expected.
Error, "tests/check03/boolean.rc": 
  Incompatible type float to binary operator ||, equivalent to bool expected.
Error, "tests/check03/boolean.rc": 
  Incompatible type float to binary operator ||, equivalent to bool expected.
Error, "tests/check03/boolean.rc": 
  Incompatible type float to binary operator ||, equivalent to bool expected.
Error, "tests/check03/boolean.rc": 
  Incompatible type float to binary operator ||, equivalent to bool expected.
Error, "tests/check03/boolean.rc": 
  Value of type bool not assignable to variable of type int.
Error, "tests/check03/boolean.rc": 
  Incompatible type int to binary operator ||, equivalent to bool expected.
Error, "tests/check03/boolean.rc": 
  Incompatible type float to binary operator ||, equivalent to bool expected.
Error, "tests/check03/boolean.rc": 
  Incompatible type float to binary operator ||, equivalent to bool expected.
Error, "tests/check03/boolean.rc": 
  Incompatible type float to binary operator ||, equivalent to bool expected.
Error, "tests/check03/boolean.rc": 
  Incompatible type int to binary operator ||, equivalent to bool expected.
Error, "tests/check03/boolean.rc": 
  Incompatible type int to binary operator &&, equivalent to bool expected.
Error, "tests/check03/boolean.rc": 
  Incompatible type int to binary operator &&, equivalent to bool expected.
Error, "tests/check03/boolean.rc": 
  Incompatible type int to binary operator &&, equivalent to bool expected.
Error, "tests/check03/boolean.rc": 
  Incompatible type int to binary operator &&, equivalent to bool expected.
Error, "tests/check03/boolean.rc": 
  Incompatible type int to binary operator &&, equivalent to bool expected.
Error, "tests/check03/boolean.rc": 
  Incompatible type int to binary operator &&, equivalent to bool expected.
Error, "tests/check03/boolean.rc": 
  Incompatible type int to binary operator &&, equivalent to bool expected.
Error, "tests/check03/boolean.rc": 
  Incompatible type int to binary operator &&, equivalent to bool expected.
Error, "tests/check03/boolean.rc": 
  Incompatible type float to binary operator &&, equivalent to bool expected.
Error, "tests/check03/boolean.rc": 
  Incompatible type int to binary operator &&, equivalent to bool expected.
Error, "tests/check03/boolean.rc": 
  Incompatible type int to binary operator &&, equivalent to bool expected.
Error, "tests/check03/boolean.rc": 
  Incompatible type float to binary operator &&, equivalent to bool expected.
Error, "tests/check03/boolean.rc": 
  Incompatible type float to binary operator &&, equivalent to bool expected.
Error, "tests/check03/boolean.rc": 
  Incompatible type float to binary operator &&, equivalent to bool expected.
Error, "tests/check03/boolean.rc": 
  Incompatible type float to binary operator &&, equivalent to bool expected.
Error, "tests/check03/boolean.rc": 
  Incompatible type float to binary operator &&, equivalent to bool expected.
Error, "tests/check03/boolean.rc": 
  Incompatible type float to binary operator &&, equivalent to bool expected.
Error, "tests/check03/boolean.rc": 
  Incompatible type float to binary operator &&, equivalent to bool expected.
Error, "tests/check03/boolean.rc": 
  Value of type bool not assignable to variable of type int.
Error, "tests/check03/boolean.rc": 
  Incompatible type int to binary operator &&, equivalent to bool expected.
Error, "tests/check03/boolean.rc": 
  Incompatible type float to binary operator &&, equivalent to bool expected.
Error, "tests/check03/boolean.rc": 
  Incompatible type float to binary operator &&, equivalent to bool expected.
Error, "tests/check03/boolean.rc": 
  Incompatible type float to binary operator &&, equivalent to bool expected.
Error, "tests/check03/boolean.rc": 
  Incompatible type int to binary operator &&, equivalent to bool expected.
Error, "tests/check03/boolean.rc": 
  Incompatible type int to unary operator !, equivalent to bool expected.
Error, "tests/check03/boolean.rc": 
  Incompatible type int to unary operator !, equivalent to bool expected.
Error, "tests/check03/boolean.rc": 
  Incompatible type int to unary operator !, equivalent to bool expected.
Error, "tests/check03/boolean.rc": 
  Incompatible type int to unary operator !, equivalent to bool expected.
Error, "tests/check03/boolean.rc": 
  Incompatible type int to unary operator !, equivalent to bool expected.
Error, "tests/check03/boolean.rc": 
  Incompatible type float to unary operator !, equivalent to bool expected.
Error, "tests/check03/boolean.rc": 
  Incompatible type float to unary operator !, equivalent to bool expected.
Error, "tests/check03/boolean.rc": 
  Incompatible type float to unary operator !, equivalent to bool expected.
Error, "tests/check03/boolean.rc": 
  Incompatible type float to unary operator !, equivalent to bool expected.
Error, "tests/check03/boolean.rc": 
  Incompatible type float to unary operator !, equivalent to bool expected.
Error, "tests/check03/boolean.rc": 
  Value of type bool not assignable to variable of type int.
Error, "tests/check03/boolean.rc": 
  Value of type bool not assignable to variable of type int.
Error, "tests/check03/boolean.rc": 
  Value of type bool not assignable to variable of type float.
Error, "tests/check03/boolean.rc": 
  Value of type bool not assignable to variable of type float.
Compile: failure.
