Error, "tests/check05/void.rc", line 6: 
  Initialization value of type void not assignable to constant/variable of type int.
Error, "tests/check05/void.rc", line 7: 
  Initialization value of type void not assignable to constant/variable of type float.
Error, "tests/check05/void.rc", line 8: 
  Initialization value of type void not assignable to constant/variable of type bool.
Error, "tests/check05/void.rc", line 13: 
  Value of type void not assignable to variable of type int.
Error, "tests/check05/void.rc", line 14: 
  Value of type void not assignable to variable of type float.
Error, "tests/check05/void.rc", line 15: 
  Value of type void not assignable to variable of type bool.
Error, "tests/check05/void.rc", line 17: 
  Left-hand operand is not assignable (not a modifiable L-value).
Error, "tests/check05/void.rc", line 19: 
  Incompatible type void to binary operator +, numeric expected.
Error, "tests/check05/void.rc", line 20: 
  Incompatible type void to binary operator <=, numeric expected.
Error, "tests/check05/void.rc", line 21: 
  Incompatible types to operator: void == void;
  both must be numeric, or both equivalent to bool.
Error, "tests/check05/void.rc", line 22: 
  Incompatible type void to binary operator *, numeric expected.
Error, "tests/check05/void.rc", line 23: 
  Incompatible type void to unary operator !, equivalent to bool expected.
Error, "tests/check05/void.rc", line 24: 
  Incompatible type void to binary operator ||, equivalent to bool expected.
Compile: failure.
