Error, "tests/check01/equality.rc": 
  Incompatible type bool to binary operator +, numeric expected.
Error, "tests/check01/equality.rc": 
  Incompatible type bool to binary operator +, numeric expected.
Error, "tests/check01/equality.rc": 
  Incompatible type bool to binary operator +, numeric expected.
Error, "tests/check01/equality.rc": 
  Incompatible type bool to binary operator +, numeric expected.
Error, "tests/check01/equality.rc": 
  Incompatible type bool to binary operator +, numeric expected.
Error, "tests/check01/equality.rc": 
  Incompatible type bool to binary operator +, numeric expected.
Error, "tests/check01/equality.rc": 
  Incompatible type bool to binary operator +, numeric expected.
Error, "tests/check01/equality.rc": 
  Incompatible type bool to binary operator +, numeric expected.
Error, "tests/check01/equality.rc": 
  Incompatible type bool to binary operator +, numeric expected.
Error, "tests/check01/equality.rc": 
  Incompatible type bool to binary operator +, numeric expected.
Error, "tests/check01/equality.rc": 
  Incompatible type bool to binary operator +, numeric expected.
Error, "tests/check01/equality.rc": 
  Incompatible type bool to binary operator +, numeric expected.
Error, "tests/check01/equality.rc": 
  Incompatible type bool to binary operator +, numeric expected.
Error, "tests/check01/equality.rc": 
  Incompatible type bool to binary operator +, numeric expected.
Error, "tests/check01/equality.rc": 
  Incompatible type bool to binary operator +, numeric expected.
Error, "tests/check01/equality.rc": 
  Incompatible type bool to binary operator +, numeric expected.
Error, "tests/check01/equality.rc": 
  Incompatible type bool to binary operator +, numeric expected.
Error, "tests/check01/equality.rc": 
  Incompatible type bool to binary operator +, numeric expected.
Error, "tests/check01/equality.rc": 
  Incompatible type bool to binary operator +, numeric expected.
Error, "tests/check01/equality.rc": 
  Incompatible type bool to binary operator +, numeric expected.
Error, "tests/check01/equality.rc": 
  Incompatible type bool to binary operator +, numeric expected.
Error, "tests/check01/equality.rc": 
  Incompatible type bool to binary operator +, numeric expected.
Error, "tests/check01/equality.rc": 
  Incompatible type bool to binary operator +, numeric expected.
Error, "tests/check01/equality.rc": 
  Incompatible type bool to binary operator +, numeric expected.
Error, "tests/check01/equality.rc": 
  Incompatible type bool to binary operator +, numeric expected.
Error, "tests/check01/equality.rc": 
  Incompatible type bool to binary operator +, numeric expected.
Error, "tests/check01/equality.rc": 
  Incompatible type bool to binary operator +, numeric expected.
Error, "tests/check01/equality.rc": 
  Incompatible type bool to binary operator +, numeric expected.
Error, "tests/check01/equality.rc": 
  Incompatible type bool to binary operator +, numeric expected.
Error, "tests/check01/equality.rc": 
  Incompatible type bool to binary operator +, numeric expected.
Error, "tests/check01/equality.rc": 
  Incompatible type bool to binary operator +, numeric expected.
Error, "tests/check01/equality.rc": 
  Incompatible type bool to binary operator +, numeric expected.
Error, "tests/check01/equality.rc": 
  Incompatible type bool to binary operator +, numeric expected.
Error, "tests/check01/equality.rc": 
  Incompatible type bool to binary operator +, numeric expected.
Error, "tests/check01/equality.rc": 
  Incompatible type bool to binary operator +, numeric expected.
Error, "tests/check01/equality.rc": 
  Incompatible type bool to binary operator +, numeric expected.
Error, "tests/check01/equality.rc": 
  Incompatible type bool to binary operator +, numeric expected.
Error, "tests/check01/equality.rc": 
  Incompatible type bool to binary operator +, numeric expected.
Error, "tests/check01/equality.rc": 
  Incompatible type bool to binary operator +, numeric expected.
Error, "tests/check01/equality.rc": 
  Incompatible type bool to binary operator +, numeric expected.
Error, "tests/check01/equality.rc": 
  Incompatible types to operator: int == bool;
  both must be numeric, or both equivalent to bool.
Error, "tests/check01/equality.rc": 
  Incompatible types to operator: float == bool;
  both must be numeric, or both equivalent to bool.
Error, "tests/check01/equality.rc": 
  Incompatible types to operator: int == bool;
  both must be numeric, or both equivalent to bool.
Error, "tests/check01/equality.rc": 
  Incompatible types to operator: int == bool;
  both must be numeric, or both equivalent to bool.
Error, "tests/check01/equality.rc": 
  Incompatible types to operator: int != bool;
  both must be numeric, or both equivalent to bool.
Error, "tests/check01/equality.rc": 
  Incompatible types to operator: float != bool;
  both must be numeric, or both equivalent to bool.
Error, "tests/check01/equality.rc": 
  Incompatible types to operator: int != bool;
  both must be numeric, or both equivalent to bool.
Error, "tests/check01/equality.rc": 
  Incompatible types to operator: int != bool;
  both must be numeric, or both equivalent to bool.
Error, "tests/check01/equality.rc": 
  Incompatible types to operator: bool == int;
  both must be numeric, or both equivalent to bool.
Error, "tests/check01/equality.rc": 
  Incompatible types to operator: bool == int;
  both must be numeric, or both equivalent to bool.
Error, "tests/check01/equality.rc": 
  Incompatible types to operator: bool == float;
  both must be numeric, or both equivalent to bool.
Error, "tests/check01/equality.rc": 
  Incompatible types to operator: bool == int;
  both must be numeric, or both equivalent to bool.
Error, "tests/check01/equality.rc": 
  Incompatible types to operator: bool != float;
  both must be numeric, or both equivalent to bool.
Error, "tests/check01/equality.rc": 
  Incompatible types to operator: bool != int;
  both must be numeric, or both equivalent to bool.
Error, "tests/check01/equality.rc": 
  Incompatible types to operator: bool != int;
  both must be numeric, or both equivalent to bool.
Error, "tests/check01/equality.rc": 
  Incompatible types to operator: bool != int;
  both must be numeric, or both equivalent to bool.
Compile: failure.
