Error, "tests/check01/modulo.rc": 
  Incompatible type int to binary operator &&, equivalent to bool expected.
Error, "tests/check01/modulo.rc": 
  Incompatible type int to binary operator &&, equivalent to bool expected.
Error, "tests/check01/modulo.rc": 
  Incompatible type int to binary operator &&, equivalent to bool expected.
Error, "tests/check01/modulo.rc": 
  Incompatible type int to binary operator &&, equivalent to bool expected.
Error, "tests/check01/modulo.rc": 
  Incompatible type float to binary operator %, equivalent to int expected.
Error, "tests/check01/modulo.rc": 
  Incompatible type float to binary operator %, equivalent to int expected.
Error, "tests/check01/modulo.rc": 
  Incompatible type float to binary operator %, equivalent to int expected.
Error, "tests/check01/modulo.rc": 
  Incompatible type float to binary operator %, equivalent to int expected.
Error, "tests/check01/modulo.rc": 
  Incompatible type float to binary operator %, equivalent to int expected.
Error, "tests/check01/modulo.rc": 
  Incompatible type float to binary operator %, equivalent to int expected.
Error, "tests/check01/modulo.rc": 
  Incompatible type float to binary operator %, equivalent to int expected.
Error, "tests/check01/modulo.rc": 
  Incompatible type float to binary operator %, equivalent to int expected.
Error, "tests/check01/modulo.rc": 
  Incompatible type float to binary operator %, equivalent to int expected.
Error, "tests/check01/modulo.rc": 
  Incompatible type float to binary operator %, equivalent to int expected.
Error, "tests/check01/modulo.rc": 
  Incompatible type bool to binary operator %, equivalent to int expected.
Error, "tests/check01/modulo.rc": 
  Incompatible type bool to binary operator %, equivalent to int expected.
Error, "tests/check01/modulo.rc": 
  Incompatible type bool to binary operator %, equivalent to int expected.
Error, "tests/check01/modulo.rc": 
  Incompatible type bool to binary operator %, equivalent to int expected.
Error, "tests/check01/modulo.rc": 
  Incompatible type bool to binary operator %, equivalent to int expected.
Error, "tests/check01/modulo.rc": 
  Incompatible type bool to binary operator %, equivalent to int expected.
Error, "tests/check01/modulo.rc": 
  Incompatible type bool to binary operator %, equivalent to int expected.
Error, "tests/check01/modulo.rc": 
  Incompatible type bool to binary operator %, equivalent to int expected.
Error, "tests/check01/modulo.rc": 
  Incompatible type bool to binary operator %, equivalent to int expected.
Error, "tests/check01/modulo.rc": 
  Incompatible type bool to binary operator %, equivalent to int expected.
Error, "tests/check01/modulo.rc": 
  Incompatible type bool to binary operator %, equivalent to int expected.
Error, "tests/check01/modulo.rc": 
  Incompatible type bool to binary operator %, equivalent to int expected.
Error, "tests/check01/modulo.rc": 
  Incompatible type bool to binary operator %, equivalent to int expected.
Error, "tests/check01/modulo.rc": 
  Incompatible type bool to binary operator %, equivalent to int expected.
Error, "tests/check01/modulo.rc": 
  Incompatible type bool to binary operator %, equivalent to int expected.
Error, "tests/check01/modulo.rc": 
  Incompatible type bool to binary operator %, equivalent to int expected.
Error, "tests/check01/modulo.rc": 
  Incompatible type float to binary operator %, equivalent to int expected.
Error, "tests/check01/modulo.rc": 
  Incompatible type float to binary operator %, equivalent to int expected.
Error, "tests/check01/modulo.rc": 
  Incompatible type float to binary operator %, equivalent to int expected.
Error, "tests/check01/modulo.rc": 
  Incompatible type float to binary operator %, equivalent to int expected.
Compile: failure.
