Error, "tests/check20/typecast.rc", line 2: 
  Index expression value (0) in array declaration must be > 0.
Error, "tests/check20/typecast.rc", line 3: 
  Index expression type (bool) in array declaration not equivalent to int.
Error, "tests/check20/typecast.rc", line 7: 
  Index expression value (0) in array declaration must be > 0.
Error, "tests/check20/typecast.rc", line 14: 
  Initialization value of type float not assignable to constant/variable of type int.
Error, "tests/check20/typecast.rc", line 16: 
  Left-hand operand is not assignable (not a modifiable L-value).
Error, "tests/check20/typecast.rc", line 17: 
  Left-hand operand is not assignable (not a modifiable L-value).
Error, "tests/check20/typecast.rc", line 18: 
  Left-hand operand is not assignable (not a modifiable L-value).
Error, "tests/check20/typecast.rc", line 23: 
  Index value of 5 is outside legal range [0,1).
Error, "tests/check20/typecast.rc", line 25: 
  Invalid type cast. Type funcptr : int () to type int is not supported.
Error, "tests/check20/typecast.rc", line 26: 
  Invalid type cast. Type funcptr : int () to type funcptr : int () is not supported.
Compile: failure.
