Error, "tests/check10/array.rc", line 2: 
  Index expression value (-11) in array declaration must be > 0.
Error, "tests/check10/array.rc", line 3: 
  Index expression value (0) in array declaration must be > 0.
Error, "tests/check10/array.rc", line 6: 
  Index expression value (0) in array declaration must be > 0.
Error, "tests/check10/array.rc", line 9: 
  Index expression type (float) in array declaration not equivalent to int.
Error, "tests/check10/array.rc", line 12: 
  Index expression type (bool) in array declaration not equivalent to int.
Error, "tests/check10/array.rc", line 15: 
  Index expression type (bool) in array declaration not equivalent to int.
Error, "tests/check10/array.rc", line 18: 
  Index expression value (-1) in array declaration must be > 0.
Error, "tests/check10/array.rc", line 19: 
  Index expression value (0) in array declaration must be > 0.
Error, "tests/check10/array.rc", line 20: 
  Index expression type (bool) in array declaration not equivalent to int.
Error, "tests/check10/array.rc", line 21: 
  Index expression type (bool) in array declaration not equivalent to int.
Error, "tests/check10/array.rc", line 26: 
  Index expression type (float) in array declaration not equivalent to int.
Error, "tests/check10/array.rc", line 28: 
  Index expression value (0) in array declaration must be > 0.
Error, "tests/check10/array.rc", line 29: 
  Index expression value (-1) in array declaration must be > 0.
Error, "tests/check10/array.rc", line 31: 
  Index expression type (float) in array declaration not equivalent to int.
Error, "tests/check10/array.rc", line 33: 
  Value of index expression not known at compile time.
Error, "tests/check10/array.rc", line 35: 
  Index expression value (0) in array declaration must be > 0.
Error, "tests/check10/array.rc", line 36: 
  Index expression value (-1) in array declaration must be > 0.
Error, "tests/check10/array.rc", line 38: 
  Index expression type (float) in array declaration not equivalent to int.
Error, "tests/check10/array.rc", line 40: 
  Value of index expression not known at compile time.
Error, "tests/check10/array.rc", line 42: 
  Index expression value (0) in array declaration must be > 0.
Error, "tests/check10/array.rc", line 43: 
  Index expression value (-1) in array declaration must be > 0.
Error, "tests/check10/array.rc", line 45: 
  Index expression type (float) in array declaration not equivalent to int.
Error, "tests/check10/array.rc", line 47: 
  Value of index expression not known at compile time.
Error, "tests/check10/array.rc", line 50: 
  Index expression value (0) in array declaration must be > 0.
Error, "tests/check10/array.rc", line 51: 
  Index expression type (bool) in array declaration not equivalent to int.
Error, "tests/check10/array.rc", line 52: 
  Index expression value (-1) in array declaration must be > 0.
Error, "tests/check10/array.rc", line 54: 
  Value of index expression not known at compile time.
Compile: failure.
