Error, "tests/check21/address.rc", line 2: 
  Non-addressable argument of type int to address-of operator.
Error, "tests/check21/address.rc", line 3: 
  undeclared identifier 'asdf'.
Error, "tests/check21/address.rc", line 4: 
  Non-addressable argument of type nullptr to address-of operator.
Error, "tests/check21/address.rc", line 5: 
  Non-addressable argument of type bool to address-of operator.
Error, "tests/check21/address.rc", line 6: 
  Non-addressable argument of type float to address-of operator.
Error, "tests/check21/address.rc", line 10: 
  Non-addressable argument of type int to address-of operator.
Error, "tests/check21/address.rc", line 11: 
  Non-addressable argument of type int to address-of operator.
Error, "tests/check21/address.rc", line 12: 
  Non-addressable argument of type int to address-of operator.
Error, "tests/check21/address.rc", line 14: 
  Non-addressable argument of type float to address-of operator.
Error, "tests/check21/address.rc", line 17: 
  Initialization value of type int* not assignable to constant/variable of type float*.
Error, "tests/check21/address.rc", line 18: 
  Non-addressable argument of type funcptr : void (bool &hi) to address-of operator.
Compile: failure.
